0 info it worked if it ends with ok
1 verbose cli [ '/usr/local/bin/node',
1 verbose cli   '/usr/local/bin/npm',
1 verbose cli   'install',
1 verbose cli   'iron-ajax',
1 verbose cli   '--savedev' ]
2 info using npm@2.14.7
3 info using node@v4.2.2
4 verbose install initial load of /Users/212476604/repos/pxc/px-context-browser/package.json
5 verbose installManyTop reading scoped package data from /Users/212476604/repos/pxc/px-context-browser/node_modules/grunt/package.json
6 verbose installManyTop reading scoped package data from /Users/212476604/repos/pxc/px-context-browser/node_modules/grunt-autoprefixer/package.json
7 verbose installManyTop reading scoped package data from /Users/212476604/repos/pxc/px-context-browser/node_modules/grunt-contrib-clean/package.json
8 verbose installManyTop reading scoped package data from /Users/212476604/repos/pxc/px-context-browser/node_modules/grunt-contrib-jshint/package.json
9 verbose installManyTop reading scoped package data from /Users/212476604/repos/pxc/px-context-browser/node_modules/grunt-contrib-watch/package.json
10 verbose installManyTop reading scoped package data from /Users/212476604/repos/pxc/px-context-browser/node_modules/grunt-dep-serve/package.json
11 verbose installManyTop reading scoped package data from /Users/212476604/repos/pxc/px-context-browser/node_modules/grunt-sass/package.json
12 verbose installManyTop reading scoped package data from /Users/212476604/repos/pxc/px-context-browser/node_modules/grunt-shell/package.json
13 verbose installManyTop reading scoped package data from /Users/212476604/repos/pxc/px-context-browser/node_modules/node-sass-import-once/package.json
14 info package.json grunt@0.4.5 No license field.
15 info package.json grunt-contrib-jshint@0.10.0 No license field.
16 info package.json grunt-contrib-clean@0.6.0 No license field.
17 info package.json grunt-contrib-watch@0.6.1 No license field.
18 info package.json grunt-dep-serve@0.0.2 No license field.
19 info package.json node-sass-import-once@1.2.0 license should be a valid SPDX license expression
20 verbose readDependencies loading dependencies from /Users/212476604/repos/pxc/px-context-browser/package.json
21 silly cache add args [ 'iron-ajax', null ]
22 verbose cache add spec iron-ajax
23 silly cache add parsed spec Result {
23 silly cache add   raw: 'iron-ajax',
23 silly cache add   scope: null,
23 silly cache add   name: 'iron-ajax',
23 silly cache add   rawSpec: '',
23 silly cache add   spec: '*',
23 silly cache add   type: 'range' }
24 silly addNamed iron-ajax@*
25 verbose addNamed "*" is a valid semver range for iron-ajax
26 silly addNameRange { name: 'iron-ajax', range: '*', hasData: false }
27 silly mapToRegistry name iron-ajax
28 silly mapToRegistry using default registry
29 silly mapToRegistry registry http://registry.npmjs.org/
30 silly mapToRegistry uri http://registry.npmjs.org/iron-ajax
31 verbose addNameRange registry:http://registry.npmjs.org/iron-ajax not in flight; fetching
32 verbose request uri http://registry.npmjs.org/iron-ajax
33 verbose request no auth needed
34 info attempt registry request try #1 at 3:36:50 PM
35 verbose request id e44bfe1e83562b3c
36 http request GET http://registry.npmjs.org/iron-ajax
37 http 404 http://registry.npmjs.org/iron-ajax
38 verbose headers { 'content-type': 'application/json',
38 verbose headers   'cache-control': 'max-age=0',
38 verbose headers   'content-length': '2',
38 verbose headers   'accept-ranges': 'bytes',
38 verbose headers   date: 'Fri, 20 Nov 2015 23:36:50 GMT',
38 verbose headers   via: '1.1 varnish',
38 verbose headers   age: '0',
38 verbose headers   connection: 'keep-alive',
38 verbose headers   'x-served-by': 'cache-lax1426-LAX',
38 verbose headers   'x-cache': 'MISS',
38 verbose headers   'x-cache-hits': '0',
38 verbose headers   'x-timer': 'S1448062610.697827,VS0,VE54' }
39 silly get cb [ 404,
39 silly get   { 'content-type': 'application/json',
39 silly get     'cache-control': 'max-age=0',
39 silly get     'content-length': '2',
39 silly get     'accept-ranges': 'bytes',
39 silly get     date: 'Fri, 20 Nov 2015 23:36:50 GMT',
39 silly get     via: '1.1 varnish',
39 silly get     age: '0',
39 silly get     connection: 'keep-alive',
39 silly get     'x-served-by': 'cache-lax1426-LAX',
39 silly get     'x-cache': 'MISS',
39 silly get     'x-cache-hits': '0',
39 silly get     'x-timer': 'S1448062610.697827,VS0,VE54' } ]
40 verbose stack Error: Registry returned 404 for GET on http://registry.npmjs.org/iron-ajax
40 verbose stack     at makeError (/usr/local/lib/node_modules/npm/node_modules/npm-registry-client/lib/request.js:264:12)
40 verbose stack     at CachingRegistryClient.<anonymous> (/usr/local/lib/node_modules/npm/node_modules/npm-registry-client/lib/request.js:242:14)
40 verbose stack     at Request._callback (/usr/local/lib/node_modules/npm/node_modules/npm-registry-client/lib/request.js:172:14)
40 verbose stack     at Request.self.callback (/usr/local/lib/node_modules/npm/node_modules/request/request.js:198:22)
40 verbose stack     at emitTwo (events.js:87:13)
40 verbose stack     at Request.emit (events.js:172:7)
40 verbose stack     at Request.<anonymous> (/usr/local/lib/node_modules/npm/node_modules/request/request.js:1063:14)
40 verbose stack     at emitOne (events.js:82:20)
40 verbose stack     at Request.emit (events.js:169:7)
40 verbose stack     at IncomingMessage.<anonymous> (/usr/local/lib/node_modules/npm/node_modules/request/request.js:1009:12)
41 verbose statusCode 404
42 verbose pkgid iron-ajax
43 verbose cwd /Users/212476604/repos/pxc/px-context-browser
44 error Darwin 14.5.0
45 error argv "/usr/local/bin/node" "/usr/local/bin/npm" "install" "iron-ajax" "--savedev"
46 error node v4.2.2
47 error npm  v2.14.7
48 error code E404
49 error 404 Registry returned 404 for GET on http://registry.npmjs.org/iron-ajax
49 error 404
49 error 404 'iron-ajax' is not in the npm registry.
49 error 404 You should bug the author to publish it (or use the name yourself!)
49 error 404 It was specified as a dependency of 'px-context-browser'
49 error 404
49 error 404 Note that you can also install from a
49 error 404 tarball, folder, http url, or git url.
50 verbose exit [ 1, true ]
